<?xml version="1.0" encoding="UTF-8"?>
<!-- Generated by org.testng.reporters.JUnitReportReporter -->
<testsuite hostname="DESKTOP-CGP7FS0" failures="0" tests="1" name="runner.homepageTest" time="47.083" errors="0" timestamp="2021-08-30T15:53:55 IST" skipped="0">
  <testcase classname="runner.homepageTest" name="hpnavigation" time="47.083"/>
  <system-out/>
</testsuite> <!-- runner.homepageTest -->
